<?xml version="1.0" encoding="UTF-8"?>
<testng-results skipped="0" failed="0" total="3" passed="3">
  <reporter-output>
  </reporter-output>
  <suite name="Default suite" duration-ms="23" started-at="2015-10-12T11:37:53Z" finished-at="2015-10-12T11:37:53Z">
    <groups>
    </groups>
    <test name="Default test" duration-ms="23" started-at="2015-10-12T11:37:53Z" finished-at="2015-10-12T11:37:53Z">
      <class name="de.meinefirma.meinprojekt.BuecherServiceImplTest">
        <test-method status="PASS" signature="testCreateBuchDuplicateCreateException()[pri:0, instance:de.meinefirma.meinprojekt.BuecherServiceImplTest@56b21710]" name="testCreateBuchDuplicateCreateException" duration-ms="7" started-at="2015-10-12T13:37:53Z" finished-at="2015-10-12T13:37:53Z">
          <reporter-output>
          </reporter-output>
        </test-method> <!-- testCreateBuchDuplicateCreateException -->
        <test-method status="PASS" signature="testFindeBuecher()[pri:0, instance:de.meinefirma.meinprojekt.BuecherServiceImplTest@56b21710]" name="testFindeBuecher" duration-ms="5" started-at="2015-10-12T13:37:53Z" finished-at="2015-10-12T13:37:53Z">
          <reporter-output>
          </reporter-output>
        </test-method> <!-- testFindeBuecher -->
        <test-method status="PASS" signature="testGetBuchByIsbn()[pri:0, instance:de.meinefirma.meinprojekt.BuecherServiceImplTest@56b21710]" name="testGetBuchByIsbn" duration-ms="0" started-at="2015-10-12T13:37:53Z" finished-at="2015-10-12T13:37:53Z">
          <reporter-output>
          </reporter-output>
        </test-method> <!-- testGetBuchByIsbn -->
      </class> <!-- de.meinefirma.meinprojekt.BuecherServiceImplTest -->
    </test> <!-- Default test -->
  </suite> <!-- Default suite -->
</testng-results>
