<?xml version="1.0" encoding="UTF-8"?>
<!-- Generated by org.testng.reporters.JUnitXMLReporter -->
<testsuite hostname="DE01WKS0806" name="Default test" tests="3" failures="0" timestamp="12 Oct 2015 11:37:53 GMT" time="0.023" errors="0">
  <testcase name="testCreateBuchDuplicateCreateException" time="0.007" classname="de.meinefirma.meinprojekt.BuecherServiceImplTest"/>
  <testcase name="testFindeBuecher" time="0.005" classname="de.meinefirma.meinprojekt.BuecherServiceImplTest"/>
  <testcase name="testGetBuchByIsbn" time="0.0" classname="de.meinefirma.meinprojekt.BuecherServiceImplTest"/>
</testsuite> <!-- Default test -->
