<?xml version="1.0" encoding="UTF-8"?>
<!-- Generated by org.testng.reporters.JUnitXMLReporter -->
<testsuite hostname="DE01WKS0806" name="Default test" tests="5" failures="0" timestamp="12 Oct 2015 10:24:59 GMT" time="37.882" errors="0">
  <testcase name="testCreateBuchDuplicateCreateException" time="0.008" classname="de.meinefirma.meinprojekt.BuecherCrudDAOTest"/>
  <testcase name="testDeleteBuchByIsbn" time="0.002" classname="de.meinefirma.meinprojekt.BuecherCrudDAOTest"/>
  <testcase name="testFindeBuecher" time="37.844" classname="de.meinefirma.meinprojekt.BuecherCrudDAOTest"/>
  <testcase name="testGetBuchByIsbn" time="0.001" classname="de.meinefirma.meinprojekt.BuecherCrudDAOTest"/>
  <testcase name="testUpdateBuchByIsbn" time="0.0" classname="de.meinefirma.meinprojekt.BuecherCrudDAOTest"/>
</testsuite> <!-- Default test -->
